  DB_Laba1.cpp
C:\Program Files (x86)\Windows Kits\10\Include\10.0.19041.0\um\sqltypes.h(64,31): error C4430: отсутствует спецификатор типа - предполагается int. Примечание. C++ не поддерживает int по умолчанию
C:\Program Files (x86)\Windows Kits\10\Include\10.0.19041.0\um\sqltypes.h(64,25): error C2146: синтаксическая ошибка: отсутствие ";" перед идентификатором "SQLLEN"
C:\Program Files (x86)\Windows Kits\10\Include\10.0.19041.0\um\sqltypes.h(65,32): error C4430: отсутствует спецификатор типа - предполагается int. Примечание. C++ не поддерживает int по умолчанию
C:\Program Files (x86)\Windows Kits\10\Include\10.0.19041.0\um\sqltypes.h(65,25): error C2146: синтаксическая ошибка: отсутствие ";" перед идентификатором "SQLULEN"
C:\Program Files (x86)\Windows Kits\10\Include\10.0.19041.0\um\sqltypes.h(289,11): error C3646: Data1: неизвестный спецификатор переопределения
C:\Program Files (x86)\Windows Kits\10\Include\10.0.19041.0\um\sqltypes.h(289,16): error C4430: отсутствует спецификатор типа - предполагается int. Примечание. C++ не поддерживает int по умолчанию
C:\Program Files (x86)\Windows Kits\10\Include\10.0.19041.0\um\sqltypes.h(290,10): error C3646: Data2: неизвестный спецификатор переопределения
C:\Program Files (x86)\Windows Kits\10\Include\10.0.19041.0\um\sqltypes.h(290,15): error C4430: отсутствует спецификатор типа - предполагается int. Примечание. C++ не поддерживает int по умолчанию
C:\Program Files (x86)\Windows Kits\10\Include\10.0.19041.0\um\sqltypes.h(291,10): error C3646: Data3: неизвестный спецификатор переопределения
C:\Program Files (x86)\Windows Kits\10\Include\10.0.19041.0\um\sqltypes.h(291,15): error C4430: отсутствует спецификатор типа - предполагается int. Примечание. C++ не поддерживает int по умолчанию
C:\Program Files (x86)\Windows Kits\10\Include\10.0.19041.0\um\sqltypes.h(292,10): error C3646: Data4: неизвестный спецификатор переопределения
C:\Program Files (x86)\Windows Kits\10\Include\10.0.19041.0\um\sqltypes.h(292,15): error C2143: синтаксическая ошибка: отсутствие "," перед "["
C:\Program Files (x86)\Windows Kits\10\Include\10.0.19041.0\um\sqltypes.h(292,20): error C2238: непредвиденные лексемы перед ";"
C:\Program Files (x86)\Windows Kits\10\Include\10.0.19041.0\um\sqltypes.h(297,33): error C4430: отсутствует спецификатор типа - предполагается int. Примечание. C++ не поддерживает int по умолчанию
C:\Program Files (x86)\Windows Kits\10\Include\10.0.19041.0\um\sqltypes.h(297,33): error C2378: SQLULEN: переопределение; символ нельзя перегрузить typedef
C:\Program Files (x86)\Windows Kits\10\Include\10.0.19041.0\um\sqltypes.h(65): message : см. объявление "SQLULEN"
C:\Program Files (x86)\Windows Kits\10\Include\10.0.19041.0\um\sqltypes.h(297,25): error C2146: синтаксическая ошибка: отсутствие ";" перед идентификатором "BOOKMARK"
C:\Program Files (x86)\Windows Kits\10\Include\10.0.19041.0\um\sql.h(606,12): error C2061: синтаксическая ошибка: идентификатор "_Out_"
C:\Program Files (x86)\Windows Kits\10\Include\10.0.19041.0\um\sql.h(608,32): error C2065: _Out_: необъявленный идентификатор
C:\Program Files (x86)\Windows Kits\10\Include\10.0.19041.0\um\sql.h(608,38): error C2146: синтаксическая ошибка: отсутствие ")" перед идентификатором "SQLHENV"
C:\Program Files (x86)\Windows Kits\10\Include\10.0.19041.0\um\sql.h(612,35): error C2061: синтаксическая ошибка: идентификатор "_Out_"
C:\Program Files (x86)\Windows Kits\10\Include\10.0.19041.0\um\sql.h(616,12): error C2061: синтаксическая ошибка: идентификатор "_Out_"
C:\Program Files (x86)\Windows Kits\10\Include\10.0.19041.0\um\sql.h(620,12): error C2061: синтаксическая ошибка: идентификатор "_Inout_updates_opt_"
C:\Program Files (x86)\Windows Kits\10\Include\10.0.19041.0\um\sql.h(627,39): error C2061: синтаксическая ошибка: идентификатор "SQLULEN"
C:\Program Files (x86)\Windows Kits\10\Include\10.0.19041.0\um\sql.h(644,12): error C2061: синтаксическая ошибка: идентификатор "_Out_writes_bytes_opt_"
C:\Program Files (x86)\Windows Kits\10\Include\10.0.19041.0\um\sql.h(656,12): error C2061: синтаксическая ошибка: идентификатор "_In_reads_opt_"
C:\Program Files (x86)\Windows Kits\10\Include\10.0.19041.0\um\sql.h(664,36): error C2061: синтаксическая ошибка: идентификатор "_Out_"
C:\Program Files (x86)\Windows Kits\10\Include\10.0.19041.0\um\sql.h(668,12): error C2061: синтаксическая ошибка: идентификатор "_In_reads_"
C:\Program Files (x86)\Windows Kits\10\Include\10.0.19041.0\um\sql.h(678,36): error C2061: синтаксическая ошибка: идентификатор "_Out_writes_opt_"
C:\Program Files (x86)\Windows Kits\10\Include\10.0.19041.0\um\sql.h(684,39): error C2061: синтаксическая ошибка: идентификатор "_Out_writes_opt_"
C:\Program Files (x86)\Windows Kits\10\Include\10.0.19041.0\um\sql.h(698,12): error C2061: синтаксическая ошибка: идентификатор "_Out_writes_"
C:\Program Files (x86)\Windows Kits\10\Include\10.0.19041.0\um\sql.h(705,5): error C2061: синтаксическая ошибка: идентификатор "_In_reads_opt_"
C:\Program Files (x86)\Windows Kits\10\Include\10.0.19041.0\um\sql.h(715,42): error C2061: синтаксическая ошибка: идентификатор "SQLLEN"
C:\Program Files (x86)\Windows Kits\10\Include\10.0.19041.0\um\sql.h(731,34): error C2061: синтаксическая ошибка: идентификатор "_Out_writes_opt_"
C:\Program Files (x86)\Windows Kits\10\Include\10.0.19041.0\um\sql.h(742,5): error C2061: синтаксическая ошибка: идентификатор "_Out_writes_opt_"
C:\Program Files (x86)\Windows Kits\10\Include\10.0.19041.0\um\sql.h(750,12): error C2061: синтаксическая ошибка: идентификатор "_Out_writes_opt_"
C:\Program Files (x86)\Windows Kits\10\Include\10.0.19041.0\um\sql.h(756,12): error C2061: синтаксическая ошибка: идентификатор "_Out_writes_opt_"
C:\Program Files (x86)\Windows Kits\10\Include\10.0.19041.0\um\sql.h(760,35): error C2061: синтаксическая ошибка: идентификатор "_Out_writes_opt_"
C:\Program Files (x86)\Windows Kits\10\Include\10.0.19041.0\um\sql.h(768,12): error C2061: синтаксическая ошибка: идентификатор "_Out_writes_opt_"
C:\Program Files (x86)\Windows Kits\10\Include\10.0.19041.0\um\sql.h(776,5): error C2061: синтаксическая ошибка: идентификатор "_Out_writes_opt_"
C:\Program Files (x86)\Windows Kits\10\Include\10.0.19041.0\um\sql.h(785,34): error C2061: синтаксическая ошибка: идентификатор "_Out_writes_"
C:\Program Files (x86)\Windows Kits\10\Include\10.0.19041.0\um\sql.h(791,12): error C2061: синтаксическая ошибка: идентификатор "_Out_writes_opt_"
C:\Program Files (x86)\Windows Kits\10\Include\10.0.19041.0\um\sql.h(794,11): error C4430: отсутствует спецификатор типа - предполагается int. Примечание. C++ не поддерживает int по умолчанию
C:\Program Files (x86)\Windows Kits\10\Include\10.0.19041.0\um\sql.h(794,11): error C2059: синтаксическая ошибка: return
C:\Program Files (x86)\Windows Kits\10\Include\10.0.19041.0\um\sql.h(801,34): error C2061: синтаксическая ошибка: идентификатор "_Out_writes_opt_"
C:\Program Files (x86)\Windows Kits\10\Include\10.0.19041.0\um\sql.h(813,12): error C2061: синтаксическая ошибка: идентификатор "_Out_"
C:\Program Files (x86)\Windows Kits\10\Include\10.0.19041.0\um\sql.h(816,12): error C2061: синтаксическая ошибка: идентификатор "_Out_opt_"
C:\Program Files (x86)\Windows Kits\10\Include\10.0.19041.0\um\sql.h(821,5): error C2061: синтаксическая ошибка: идентификатор "_In_reads_"
C:\Program Files (x86)\Windows Kits\10\Include\10.0.19041.0\um\sql.h(826,12): error C2061: синтаксическая ошибка: идентификатор "_In_reads_"
C:\Program Files (x86)\Windows Kits\10\Include\10.0.19041.0\um\sql.h(828,32): error C2065: _In_: необъявленный идентификатор
C:\Program Files (x86)\Windows Kits\10\Include\10.0.19041.0\um\sql.h(828,37): error C2146: синтаксическая ошибка: отсутствие ")" перед идентификатором "SQLHSTMT"
C:\Program Files (x86)\Windows Kits\10\Include\10.0.19041.0\um\sql.h(833,34): error C2061: синтаксическая ошибка: идентификатор "_In_reads_bytes_opt_"
C:\Program Files (x86)\Windows Kits\10\Include\10.0.19041.0\um\sql.h(839,33): error C2061: синтаксическая ошибка: идентификатор "SQLULEN"
C:\Program Files (x86)\Windows Kits\10\Include\10.0.19041.0\um\sql.h(844,5): error C2061: синтаксическая ошибка: идентификатор "_In_reads_"
C:\Program Files (x86)\Windows Kits\10\Include\10.0.19041.0\um\sql.h(851,12): error C2061: синтаксическая ошибка: идентификатор "_In_reads_"
C:\Program Files (x86)\Windows Kits\10\Include\10.0.19041.0\um\sql.h(855,33): error C2061: синтаксическая ошибка: идентификатор "SQLLEN"
C:\Program Files (x86)\Windows Kits\10\Include\10.0.19041.0\um\sql.h(861,34): error C2061: синтаксическая ошибка: идентификатор "_In_reads_bytes_opt_"
C:\Program Files (x86)\Windows Kits\10\Include\10.0.19041.0\um\sql.h(868,39): error C2061: синтаксическая ошибка: идентификатор "SQLULEN"
C:\Program Files (x86)\Windows Kits\10\Include\10.0.19041.0\um\sql.h(874,34): error C2061: синтаксическая ошибка: идентификатор "_In_reads_"
C:\Program Files (x86)\Windows Kits\10\Include\10.0.19041.0\um\sql.h(880,33): error C2061: синтаксическая ошибка: идентификатор "SQLULEN"
C:\Program Files (x86)\Windows Kits\10\Include\10.0.19041.0\um\sql.h(884,12): error C2061: синтаксическая ошибка: идентификатор "_In_reads_opt_"
C:\Program Files (x86)\Windows Kits\10\Include\10.0.19041.0\um\sql.h(890,12): error C2061: синтаксическая ошибка: идентификатор "_In_reads_opt_"
C:\Program Files (x86)\Windows Kits\10\Include\10.0.19041.0\um\sql.h(896,12): error C2061: синтаксическая ошибка: идентификатор "_In_reads_opt_"
C:\Program Files (x86)\Windows Kits\10\Include\10.0.19041.0\um\odbcinst.h(111,6): error C2143: синтаксическая ошибка: отсутствие ";" перед "__cdecl"
C:\Program Files (x86)\Windows Kits\10\Include\10.0.19041.0\um\odbcinst.h(111,6): error C4430: отсутствует спецификатор типа - предполагается int. Примечание. C++ не поддерживает int по умолчанию
C:\Program Files (x86)\Windows Kits\10\Include\10.0.19041.0\um\odbcinst.h(111,50): warning C4229: устаревший элемент: пропуск модификаторов для данных
C:\Program Files (x86)\Windows Kits\10\Include\10.0.19041.0\um\odbcinst.h(111,50): error C4430: отсутствует спецификатор типа - предполагается int. Примечание. C++ не поддерживает int по умолчанию
C:\Program Files (x86)\Windows Kits\10\Include\10.0.19041.0\um\odbcinst.h(111,39): error C2065: _Reserved_: необъявленный идентификатор
C:\Program Files (x86)\Windows Kits\10\Include\10.0.19041.0\um\odbcinst.h(111,50): error C2146: синтаксическая ошибка: отсутствие ")" перед идентификатором "HWND"
C:\Program Files (x86)\Windows Kits\10\Include\10.0.19041.0\um\odbcinst.h(116,6): error C2143: синтаксическая ошибка: отсутствие ";" перед "__cdecl"
C:\Program Files (x86)\Windows Kits\10\Include\10.0.19041.0\um\odbcinst.h(116,6): error C4430: отсутствует спецификатор типа - предполагается int. Примечание. C++ не поддерживает int по умолчанию
C:\Program Files (x86)\Windows Kits\10\Include\10.0.19041.0\um\odbcinst.h(116,1): error C2086: int BOOL: переопределение
C:\Program Files (x86)\Windows Kits\10\Include\10.0.19041.0\um\odbcinst.h(111): message : см. объявление "BOOL"
C:\Program Files (x86)\Windows Kits\10\Include\10.0.19041.0\um\odbcinst.h(116,50): warning C4229: устаревший элемент: пропуск модификаторов для данных
C:\Program Files (x86)\Windows Kits\10\Include\10.0.19041.0\um\odbcinst.h(116,50): error C4430: отсутствует спецификатор типа - предполагается int. Примечание. C++ не поддерживает int по умолчанию
C:\Program Files (x86)\Windows Kits\10\Include\10.0.19041.0\um\odbcinst.h(116,39): error C2065: HWND: необъявленный идентификатор
C:\Program Files (x86)\Windows Kits\10\Include\10.0.19041.0\um\odbcinst.h(116,50): error C2146: синтаксическая ошибка: отсутствие ")" перед идентификатором "hwndParent"
C:\Program Files (x86)\Windows Kits\10\Include\10.0.19041.0\um\odbcinst.h(117,6): error C2143: синтаксическая ошибка: отсутствие ";" перед "__cdecl"
C:\Program Files (x86)\Windows Kits\10\Include\10.0.19041.0\um\odbcinst.h(117,6): error C4430: отсутствует спецификатор типа - предполагается int. Примечание. C++ не поддерживает int по умолчанию
C:\Program Files (x86)\Windows Kits\10\Include\10.0.19041.0\um\odbcinst.h(117,1): error C2086: int BOOL: переопределение
C:\Program Files (x86)\Windows Kits\10\Include\10.0.19041.0\um\odbcinst.h(111): message : см. объявление "BOOL"
C:\Program Files (x86)\Windows Kits\10\Include\10.0.19041.0\um\odbcinst.h(117,50): warning C4229: устаревший элемент: пропуск модификаторов для данных
C:\Program Files (x86)\Windows Kits\10\Include\10.0.19041.0\um\odbcinst.h(117,50): error C4430: отсутствует спецификатор типа - предполагается int. Примечание. C++ не поддерживает int по умолчанию
C:\Program Files (x86)\Windows Kits\10\Include\10.0.19041.0\um\odbcinst.h(117,39): error C2065: HWND: необъявленный идентификатор
C:\Program Files (x86)\Windows Kits\10\Include\10.0.19041.0\um\odbcinst.h(117,50): error C2146: синтаксическая ошибка: отсутствие ")" перед идентификатором "hwndParent"
C:\Program Files (x86)\Windows Kits\10\Include\10.0.19041.0\um\odbcinst.h(120,11): error C4430: отсутствует спецификатор типа - предполагается int. Примечание. C++ не поддерживает int по умолчанию
C:\Program Files (x86)\Windows Kits\10\Include\10.0.19041.0\um\odbcinst.h(120,1): error C2374: _Success_: переопределение; множественная инициализация
C:\Program Files (x86)\Windows Kits\10\Include\10.0.19041.0\um\sql.h(794): message : см. объявление "_Success_"
C:\Program Files (x86)\Windows Kits\10\Include\10.0.19041.0\um\odbcinst.h(120,11): error C2059: синтаксическая ошибка: return
C:\Program Files (x86)\Windows Kits\10\Include\10.0.19041.0\um\odbcinst.h(136,11): error C4430: отсутствует спецификатор типа - предполагается int. Примечание. C++ не поддерживает int по умолчанию
C:\Program Files (x86)\Windows Kits\10\Include\10.0.19041.0\um\odbcinst.h(136,1): error C2374: _Success_: переопределение; множественная инициализация
C:\Program Files (x86)\Windows Kits\10\Include\10.0.19041.0\um\sql.h(794): message : см. объявление "_Success_"
C:\Program Files (x86)\Windows Kits\10\Include\10.0.19041.0\um\odbcinst.h(136,11): error C2059: синтаксическая ошибка: return
C:\Program Files (x86)\Windows Kits\10\Include\10.0.19041.0\um\odbcinst.h(146,6): error C2143: синтаксическая ошибка: отсутствие ";" перед "__cdecl"
C:\Program Files (x86)\Windows Kits\10\Include\10.0.19041.0\um\odbcinst.h(146,6): error C4430: отсутствует спецификатор типа - предполагается int. Примечание. C++ не поддерживает int по умолчанию
C:\Program Files (x86)\Windows Kits\10\Include\10.0.19041.0\um\odbcinst.h(146,1): error C2086: int BOOL: переопределение
C:\Program Files (x86)\Windows Kits\10\Include\10.0.19041.0\um\odbcinst.h(111): message : см. объявление "BOOL"
C:\Program Files (x86)\Windows Kits\10\Include\10.0.19041.0\um\odbcinst.h(148,20): warning C4229: устаревший элемент: пропуск модификаторов для данных
C:\Program Files (x86)\Windows Kits\10\Include\10.0.19041.0\um\odbcinst.h(148,20): error C4430: отсутствует спецификатор типа - предполагается int. Примечание. C++ не поддерживает int по умолчанию
C:\Program Files (x86)\Windows Kits\10\Include\10.0.19041.0\um\odbcinst.h(148,21): error C2065: cchPathMax: необъявленный идентификатор
C:\Program Files (x86)\Windows Kits\10\Include\10.0.19041.0\um\odbcinst.h(148,5): error C3861: _Inout_updates_: идентификатор не найден
C:\Program Files (x86)\Windows Kits\10\Include\10.0.19041.0\um\odbcinst.h(148,33): error C2146: синтаксическая ошибка: отсутствие ")" перед идентификатором "LPSTR"
C:\Program Files (x86)\Windows Kits\10\Include\10.0.19041.0\um\odbcinst.h(153,11): error C4430: отсутствует спецификатор типа - предполагается int. Примечание. C++ не поддерживает int по умолчанию
C:\Program Files (x86)\Windows Kits\10\Include\10.0.19041.0\um\odbcinst.h(153,1): error C2374: _Success_: переопределение; множественная инициализация
C:\Program Files (x86)\Windows Kits\10\Include\10.0.19041.0\um\sql.h(794): message : см. объявление "_Success_"
C:\Program Files (x86)\Windows Kits\10\Include\10.0.19041.0\um\odbcinst.h(153,11): error C2059: синтаксическая ошибка: return
C:\Program Files (x86)\Windows Kits\10\Include\10.0.19041.0\um\odbcinst.h(162,6): error C2143: синтаксическая ошибка: отсутствие ";" перед "__cdecl"
C:\Program Files (x86)\Windows Kits\10\Include\10.0.19041.0\um\odbcinst.h(162,6): error C4430: отсутствует спецификатор типа - предполагается int. Примечание. C++ не поддерживает int по умолчанию
C:\Program Files (x86)\Windows Kits\10\Include\10.0.19041.0\um\odbcinst.h(162,1): error C2086: int BOOL: переопределение
C:\Program Files (x86)\Windows Kits\10\Include\10.0.19041.0\um\odbcinst.h(111): message : см. объявление "BOOL"
C:\Program Files (x86)\Windows Kits\10\Include\10.0.19041.0\um\odbcinst.h(164,16): warning C4229: устаревший элемент: пропуск модификаторов для данных
C:\Program Files (x86)\Windows Kits\10\Include\10.0.19041.0\um\odbcinst.h(164,16): error C4430: отсутствует спецификатор типа - предполагается int. Примечание. C++ не поддерживает int по умолчанию
C:\Program Files (x86)\Windows Kits\10\Include\10.0.19041.0\um\odbcinst.h(164,5): error C2065: _Reserved_: необъявленный идентификатор
C:\Program Files (x86)\Windows Kits\10\Include\10.0.19041.0\um\odbcinst.h(164,16): error C2146: синтаксическая ошибка: отсутствие ")" перед идентификатором "LPCSTR"
C:\Program Files (x86)\Windows Kits\10\Include\10.0.19041.0\um\odbcinst.h(170,6): error C2143: синтаксическая ошибка: отсутствие ";" перед "__cdecl"
C:\Program Files (x86)\Windows Kits\10\Include\10.0.19041.0\um\odbcinst.h(170,6): error C4430: отсутствует спецификатор типа - предполагается int. Примечание. C++ не поддерживает int по умолчанию
C:\Program Files (x86)\Windows Kits\10\Include\10.0.19041.0\um\odbcinst.h(170,1): error C2086: int BOOL: переопределение
C:\Program Files (x86)\Windows Kits\10\Include\10.0.19041.0\um\odbcinst.h(111): message : см. объявление "BOOL"
C:\Program Files (x86)\Windows Kits\10\Include\10.0.19041.0\um\odbcinst.h(170,50): warning C4229: устаревший элемент: пропуск модификаторов для данных
C:\Program Files (x86)\Windows Kits\10\Include\10.0.19041.0\um\odbcinst.h(170,50): error C4430: отсутствует спецификатор типа - предполагается int. Примечание. C++ не поддерживает int по умолчанию
C:\Program Files (x86)\Windows Kits\10\Include\10.0.19041.0\um\odbcinst.h(170,39): error C2065: HWND: необъявленный идентификатор
C:\Program Files (x86)\Windows Kits\10\Include\10.0.19041.0\um\odbcinst.h(170,50): error C2146: синтаксическая ошибка: отсутствие ")" перед идентификатором "hwndParent"
C:\Program Files (x86)\Windows Kits\10\Include\10.0.19041.0\um\odbcinst.h(174,6): error C2143: синтаксическая ошибка: отсутствие ";" перед "__cdecl"
C:\Program Files (x86)\Windows Kits\10\Include\10.0.19041.0\um\odbcinst.h(174,6): error C4430: отсутствует спецификатор типа - предполагается int. Примечание. C++ не поддерживает int по умолчанию
C:\Program Files (x86)\Windows Kits\10\Include\10.0.19041.0\um\odbcinst.h(174,1): error C2086: int BOOL: переопределение
C:\Program Files (x86)\Windows Kits\10\Include\10.0.19041.0\um\odbcinst.h(111): message : см. объявление "BOOL"
C:\Program Files (x86)\Windows Kits\10\Include\10.0.19041.0\um\odbcinst.h(174,46): error C4430: отсутствует спецификатор типа - предполагается int. Примечание. C++ не поддерживает int по умолчанию
C:\Program Files (x86)\Windows Kits\10\Include\10.0.19041.0\um\odbcinst.h(175,6): error C2143: синтаксическая ошибка: отсутствие ";" перед "__cdecl"
C:\Program Files (x86)\Windows Kits\10\Include\10.0.19041.0\um\odbcinst.h(175,6): error C4430: отсутствует спецификатор типа - предполагается int. Примечание. C++ не поддерживает int по умолчанию
C:\Program Files (x86)\Windows Kits\10\Include\10.0.19041.0\um\odbcinst.h(175,1): error C2086: int BOOL: переопределение
C:\Program Files (x86)\Windows Kits\10\Include\10.0.19041.0\um\odbcinst.h(111): message : см. объявление "BOOL"
C:\Program Files (x86)\Windows Kits\10\Include\10.0.19041.0\um\odbcinst.h(175,50): warning C4229: устаревший элемент: пропуск модификаторов для данных
C:\Program Files (x86)\Windows Kits\10\Include\10.0.19041.0\um\odbcinst.h(175,50): error C4430: отсутствует спецификатор типа - предполагается int. Примечание. C++ не поддерживает int по умолчанию
C:\Program Files (x86)\Windows Kits\10\Include\10.0.19041.0\um\odbcinst.h(175,39): error C2065: LPCSTR: необъявленный идентификатор
C:\Program Files (x86)\Windows Kits\10\Include\10.0.19041.0\um\odbcinst.h(175,50): error C2146: синтаксическая ошибка: отсутствие ")" перед идентификатором "lpszDSN"
C:\Program Files (x86)\Windows Kits\10\Include\10.0.19041.0\um\odbcinst.h(177,6): error C2143: синтаксическая ошибка: отсутствие ";" перед "__cdecl"
C:\Program Files (x86)\Windows Kits\10\Include\10.0.19041.0\um\odbcinst.h(177,6): error C4430: отсутствует спецификатор типа - предполагается int. Примечание. C++ не поддерживает int по умолчанию
C:\Program Files (x86)\Windows Kits\10\Include\10.0.19041.0\um\odbcinst.h(177,1): error C2086: int BOOL: переопределение
C:\Program Files (x86)\Windows Kits\10\Include\10.0.19041.0\um\odbcinst.h(111): message : см. объявление "BOOL"
C:\Program Files (x86)\Windows Kits\10\Include\10.0.19041.0\um\odbcinst.h(177,50): warning C4229: устаревший элемент: пропуск модификаторов для данных
C:\Program Files (x86)\Windows Kits\10\Include\10.0.19041.0\um\odbcinst.h(177,50): error C4430: отсутствует спецификатор типа - предполагается int. Примечание. C++ не поддерживает int по умолчанию
C:\Program Files (x86)\Windows Kits\10\Include\10.0.19041.0\um\odbcinst.h(177,39): error C2065: LPCSTR: необъявленный идентификатор
C:\Program Files (x86)\Windows Kits\10\Include\10.0.19041.0\um\odbcinst.h(177,50): error C2146: синтаксическая ошибка: отсутствие ")" перед идентификатором "lpszDSN"
C:\Program Files (x86)\Windows Kits\10\Include\10.0.19041.0\um\odbcinst.h(178,6): error C2143: синтаксическая ошибка: отсутствие ";" перед "__cdecl"
C:\Program Files (x86)\Windows Kits\10\Include\10.0.19041.0\um\odbcinst.h(178,6): error C4430: отсутствует спецификатор типа - предполагается int. Примечание. C++ не поддерживает int по умолчанию
C:\Program Files (x86)\Windows Kits\10\Include\10.0.19041.0\um\odbcinst.h(178,1): error C2086: int BOOL: переопределение
C:\Program Files (x86)\Windows Kits\10\Include\10.0.19041.0\um\odbcinst.h(111): message : см. объявление "BOOL"
C:\Program Files (x86)\Windows Kits\10\Include\10.0.19041.0\um\odbcinst.h(178,50): warning C4229: устаревший элемент: пропуск модификаторов для данных
C:\Program Files (x86)\Windows Kits\10\Include\10.0.19041.0\um\odbcinst.h(178,50): error C4430: отсутствует спецификатор типа - предполагается int. Примечание. C++ не поддерживает int по умолчанию
C:\Program Files (x86)\Windows Kits\10\Include\10.0.19041.0\um\odbcinst.h(178,39): error C2065: LPCSTR: необъявленный идентификатор
C:\Program Files (x86)\Windows Kits\10\Include\10.0.19041.0\um\odbcinst.h(178,50): error C2146: синтаксическая ошибка: отсутствие ")" перед идентификатором "lpszDSN"
C:\Program Files (x86)\Windows Kits\10\Include\10.0.19041.0\um\odbcinst.h(180,6): error C2143: синтаксическая ошибка: отсутствие ";" перед "__cdecl"
C:\Program Files (x86)\Windows Kits\10\Include\10.0.19041.0\um\odbcinst.h(180,6): error C4430: отсутствует спецификатор типа - предполагается int. Примечание. C++ не поддерживает int по умолчанию
C:\Program Files (x86)\Windows Kits\10\Include\10.0.19041.0\um\odbcinst.h(180,1): error C2086: int BOOL: переопределение
C:\Program Files (x86)\Windows Kits\10\Include\10.0.19041.0\um\odbcinst.h(111): message : см. объявление "BOOL"
C:\Program Files (x86)\Windows Kits\10\Include\10.0.19041.0\um\odbcinst.h(180,6): fatal  error C1003: число ошибок превышает 100; остановка компиляции
